bat_project/1.0.0/WizarposApp/app/build/outputs/logs/manifest-merger-debug-report.txt
-- Merging decision tree log ---
manifest
ADDED from src\main\AndroidManifest.xml:2:1-48:12
	package
		ADDED from src\main\AndroidManifest.xml:5:5-37
		INJECTED from src\main\AndroidManifest.xml
		INJECTED from src\main\AndroidManifest.xml
	android:versionName
		ADDED from src\main\AndroidManifest.xml:4:5-30
		INJECTED from src\main\AndroidManifest.xml
		INJECTED from src\main\AndroidManifest.xml
	android:versionCode
		ADDED from src\main\AndroidManifest.xml:3:5-32
		INJECTED from src\main\AndroidManifest.xml
		INJECTED from src\main\AndroidManifest.xml
	xmlns:android
		ADDED from src\main\AndroidManifest.xml:2:11-69
uses-permission#android.permission.WRITE_EXTERNAL_STORAGE
ADDED from src\main\AndroidManifest.xml:7:5-81
	android:name
		ADDED from src\main\AndroidManifest.xml:7:22-78
uses-permission#android.permission.INTERNET
ADDED from src\main\AndroidManifest.xml:8:5-67
	android:name
		ADDED from src\main\AndroidManifest.xml:8:22-64
uses-permission#android.permission.CAMERA
ADDED from src\main\AndroidManifest.xml:9:5-65
	android:name
		ADDED from src\main\AndroidManifest.xml:9:22-62
uses-permission#android.permission.FLASHLIGHT
ADDED from src\main\AndroidManifest.xml:10:5-69
	android:name
		ADDED from src\main\AndroidManifest.xml:10:22-66
uses-permission#android.permission.VIBRATE
ADDED from src\main\AndroidManifest.xml:11:5-66
	android:name
		ADDED from src\main\AndroidManifest.xml:11:22-63
application
ADDED from src\main\AndroidManifest.xml:13:5-46:19
MERGED from [com.android.support:appcompat-v7:24.0.0] AndroidManifest.xml:25:5-20
MERGED from [com.android.support:support-v4:24.0.0] AndroidManifest.xml:25:5-20
MERGED from [com.android.support:support-vector-drawable:24.0.0] AndroidManifest.xml:23:5-20
MERGED from [com.android.support:support-v4:24.0.0] AndroidManifest.xml:25:5-20
MERGED from [com.android.support:animated-vector-drawable:24.0.0] AndroidManifest.xml:22:5-20
MERGED from [com.android.support:support-vector-drawable:24.0.0] AndroidManifest.xml:23:5-20
MERGED from [com.android.support:support-v4:24.0.0] AndroidManifest.xml:25:5-20
MERGED from [WizarposApp:pulltorefresh:unspecified] AndroidManifest.xml:11:5-20
	android:label
		ADDED from src\main\AndroidManifest.xml:18:9-41
	android:supportsRtl
		ADDED from src\main\AndroidManifest.xml:19:9-35
	android:hardwareAccelerated
		ADDED from src\main\AndroidManifest.xml:16:9-44
	android:allowBackup
		ADDED from src\main\AndroidManifest.xml:15:9-35
	android:icon
		ADDED from src\main\AndroidManifest.xml:17:9-38
	android:theme
		ADDED from src\main\AndroidManifest.xml:20:9-65
	android:name
		ADDED from src\main\AndroidManifest.xml:14:9-43
activity#top.linjia.wizarposapp.activities.LoginActivity
ADDED from src\main\AndroidManifest.xml:21:9-27:20
	android:name
		ADDED from src\main\AndroidManifest.xml:21:19-59
intent-filter#android.intent.action.MAIN+android.intent.category.LAUNCHER
ADDED from src\main\AndroidManifest.xml:22:13-26:29
action#android.intent.action.MAIN
ADDED from src\main\AndroidManifest.xml:23:17-69
	android:name
		ADDED from src\main\AndroidManifest.xml:23:25-66
category#android.intent.category.LAUNCHER
ADDED from src\main\AndroidManifest.xml:25:17-77
	android:name
		ADDED from src\main\AndroidManifest.xml:25:27-74
activity#top.linjia.wizarposapp.activities.MainActivity
ADDED from src\main\AndroidManifest.xml:28:9-30:47
	android:launchMode
		ADDED from src\main\AndroidManifest.xml:30:13-44
	android:name
		ADDED from src\main\AndroidManifest.xml:29:13-52
activity#top.linjia.wizarposapp.activities.PersonActivity
ADDED from src\main\AndroidManifest.xml:31:9-63
	android:name
		ADDED from src\main\AndroidManifest.xml:31:19-60
activity#top.linjia.wizarposapp.activities.CartActivity
ADDED from src\main\AndroidManifest.xml:32:9-61
	android:name
		ADDED from src\main\AndroidManifest.xml:32:19-58
activity#top.linjia.wizarposapp.activities.ClassifyActivity
ADDED from src\main\AndroidManifest.xml:33:9-65
	android:name
		ADDED from src\main\AndroidManifest.xml:33:19-62
activity#top.linjia.wizarposapp.activities.GoodsDetailsActivity
ADDED from src\main\AndroidManifest.xml:34:9-69
	android:name
		ADDED from src\main\AndroidManifest.xml:34:19-66
activity#top.linjia.wizarposapp.activities.SearchActivity
ADDED from src\main\AndroidManifest.xml:35:9-63
	android:name
		ADDED from src\main\AndroidManifest.xml:35:19-60
activity#top.linjia.wizarposapp.activities.OrderFormDetailActivity
ADDED from src\main\AndroidManifest.xml:36:9-72
	android:name
		ADDED from src\main\AndroidManifest.xml:36:19-69
activity#top.linjia.wizarposapp.activities.PayDetailsActivity
ADDED from src\main\AndroidManifest.xml:37:9-67
	android:name
		ADDED from src\main\AndroidManifest.xml:37:19-64
activity#top.linjia.wizarposapp.activities.SubmitOrderFormActivity
ADDED from src\main\AndroidManifest.xml:38:9-72
	android:name
		ADDED from src\main\AndroidManifest.xml:38:19-69
activity#top.linjia.wizarposapp.activities.MyOrderFormActivity
ADDED from src\main\AndroidManifest.xml:39:9-68
	android:name
		ADDED from src\main\AndroidManifest.xml:39:19-65
activity#top.linjia.wizarposapp.activities.GiftCardActivity
ADDED from src\main\AndroidManifest.xml:40:9-65
	android:name
		ADDED from src\main\AndroidManifest.xml:40:19-62
activity#com.wizarpos.barcode.scanner.ScannerActivity
ADDED from src\main\AndroidManifest.xml:41:9-81
	android:name
		ADDED from src\main\AndroidManifest.xml:41:19-78
activity#top.linjia.wizarposapp.activities.PayStateActivity
ADDED from src\main\AndroidManifest.xml:42:9-65
	android:name
		ADDED from src\main\AndroidManifest.xml:42:19-62
activity#top.linjia.wizarposapp.activities.PayResultActivity
ADDED from src\main\AndroidManifest.xml:43:9-66
	android:name
		ADDED from src\main\AndroidManifest.xml:43:19-63
activity#top.linjia.wizarposapp.activities.CouponActivity
ADDED from src\main\AndroidManifest.xml:44:9-63
	android:name
		ADDED from src\main\AndroidManifest.xml:44:19-60
activity#top.linjia.wizarposapp.activities.PersonAddressActivity
ADDED from src\main\AndroidManifest.xml:45:9-79
	android:name
		ADDED from src\main\AndroidManifest.xml:45:19-67
uses-sdk
INJECTED from src\main\AndroidManifest.xml reason: use-sdk injection requested
MERGED from [com.android.support:appcompat-v7:24.0.0] AndroidManifest.xml:21:5-23:78
MERGED from [com.android.support:support-v4:24.0.0] AndroidManifest.xml:21:5-23:54
MERGED from [com.android.support:support-vector-drawable:24.0.0] AndroidManifest.xml:21:5-43
MERGED from [com.android.support:support-v4:24.0.0] AndroidManifest.xml:21:5-23:54
MERGED from [com.android.support:animated-vector-drawable:24.0.0] AndroidManifest.xml:20:5-44
MERGED from [com.android.support:support-vector-drawable:24.0.0] AndroidManifest.xml:21:5-43
MERGED from [com.android.support:support-v4:24.0.0] AndroidManifest.xml:21:5-23:54
MERGED from [WizarposApp:pulltorefresh:unspecified] AndroidManifest.xml:7:5-9:40
	tools:overrideLibrary
		ADDED from [com.android.support:appcompat-v7:24.0.0] AndroidManifest.xml:23:9-75
	android:targetSdkVersion
		INJECTED from src\main\AndroidManifest.xml
		INJECTED from src\main\AndroidManifest.xml
	android:minSdkVersion
		INJECTED from src\main\AndroidManifest.xml
		INJECTED from src\main\AndroidManifest.xml